[2022-02-23 18:41:33] SELECT * FROM users WHERE id = "38" 
[2022-02-23 18:41:33] SELECT * FROM cities WHERE id = "5" 
[2022-02-23 18:41:33] SELECT id FROM ads  ORDER BY id DESC 
[2022-02-23 18:41:33] SELECT * FROM ads WHERE id = "34" 
[2022-02-23 18:41:34] SELECT * FROM ads WHERE id = "33" 
[2022-02-23 18:41:34] SELECT * FROM ads WHERE id = "32" 
[2022-02-23 18:41:34] SELECT * FROM ads WHERE id = "31" 
[2022-02-23 18:41:34] SELECT * FROM ads WHERE id = "30" 
[2022-02-23 18:41:34] SELECT * FROM ads WHERE id = "27" 
[2022-02-23 18:41:34] SELECT * FROM ads WHERE id = "26" 
[2022-02-23 18:41:34] SELECT * FROM ads WHERE id = "25" 
[2022-02-23 18:41:34] SELECT * FROM ads WHERE id = "9" 
[2022-02-23 18:41:34] SELECT * FROM ads WHERE id = "8" 
[2022-02-23 18:41:34] SELECT * FROM ads WHERE id = "7" 
[2022-02-23 18:41:34] SELECT * FROM ads WHERE id = "6" 
[2022-02-23 18:41:34] SELECT id FROM ads WHERE id = "38" 
[2022-02-23 18:41:34] SELECT * FROM users WHERE id = "" 
[2022-02-23 18:41:34] SELECT * FROM cities WHERE id = "" 
[2022-02-23 18:41:34] SELECT id FROM ads WHERE id = "38" 
[2022-02-23 18:41:34] SELECT * FROM users WHERE id = "" 
[2022-02-23 18:41:34] SELECT * FROM cities WHERE id = "" 
[2022-02-23 18:41:34] SELECT id FROM ads WHERE id = "30" 
[2022-02-23 18:41:34] SELECT * FROM users WHERE id = "30" 
[2022-02-23 18:41:34] SELECT * FROM cities WHERE id = "5" 
[2022-02-23 18:41:34] SELECT id FROM ads WHERE id = "30" 
[2022-02-23 18:41:34] SELECT * FROM users WHERE id = "30" 
[2022-02-23 18:41:34] SELECT * FROM cities WHERE id = "5" 
[2022-02-23 18:41:34] SELECT id FROM ads WHERE id = "30" 
[2022-02-23 18:41:34] SELECT * FROM users WHERE id = "30" 
[2022-02-23 18:41:34] SELECT * FROM cities WHERE id = "5" 
[2022-02-23 18:41:34] SELECT id FROM ads WHERE id = "30" 
[2022-02-23 18:41:34] SELECT * FROM users WHERE id = "30" 
[2022-02-23 18:41:34] SELECT * FROM cities WHERE id = "5" 
[2022-02-23 18:41:34] SELECT id FROM ads WHERE id = "30" 
[2022-02-23 18:41:34] SELECT * FROM users WHERE id = "30" 
[2022-02-23 18:41:34] SELECT * FROM cities WHERE id = "5" 
[2022-02-23 18:41:34] SELECT id FROM ads WHERE id = "30" 
[2022-02-23 18:41:34] SELECT * FROM users WHERE id = "30" 
[2022-02-23 18:41:34] SELECT * FROM cities WHERE id = "5" 
[2022-02-23 18:41:34] SELECT id FROM ads WHERE id = "22" 
[2022-02-23 18:41:34] SELECT * FROM users WHERE id = "" 
[2022-02-23 18:41:34] SELECT * FROM cities WHERE id = "" 
[2022-02-23 18:41:34] SELECT id FROM ads WHERE id = "30" 
[2022-02-23 18:41:34] SELECT * FROM users WHERE id = "30" 
[2022-02-23 18:41:34] SELECT * FROM cities WHERE id = "5" 
[2022-02-23 18:41:34] SELECT id FROM ads WHERE id = "30" 
[2022-02-23 18:41:34] SELECT * FROM users WHERE id = "30" 
[2022-02-23 18:41:34] SELECT * FROM cities WHERE id = "5" 
[2022-02-23 18:41:34] SELECT id FROM ads WHERE id = "30" 
[2022-02-23 18:41:34] SELECT * FROM users WHERE id = "30" 
[2022-02-23 18:41:34] SELECT * FROM cities WHERE id = "5" 
[2022-02-23 18:42:21] SELECT * FROM users WHERE id = "38" 
[2022-02-23 18:42:21] SELECT * FROM cities WHERE id = "5" 
[2022-02-23 18:42:21] SELECT id FROM users 
[2022-02-23 18:42:21] SELECT * FROM users WHERE id = "22" 
[2022-02-23 18:42:21] SELECT * FROM cities WHERE id = "3" 
[2022-02-23 18:42:21] SELECT * FROM users WHERE id = "17" 
[2022-02-23 18:42:21] SELECT * FROM cities WHERE id = "1" 
[2022-02-23 18:42:21] SELECT * FROM users WHERE id = "13" 
[2022-02-23 18:42:21] SELECT * FROM cities WHERE id = "1" 
[2022-02-23 18:42:21] SELECT * FROM users WHERE id = "16" 
[2022-02-23 18:42:21] SELECT * FROM cities WHERE id = "1" 
[2022-02-23 18:42:21] SELECT * FROM users WHERE id = "20" 
[2022-02-23 18:42:21] SELECT * FROM cities WHERE id = "1" 
[2022-02-23 18:42:21] SELECT * FROM users WHERE id = "31" 
[2022-02-23 18:42:21] SELECT * FROM cities WHERE id = "5" 
[2022-02-23 18:42:21] SELECT * FROM users WHERE id = "32" 
[2022-02-23 18:42:21] SELECT * FROM cities WHERE id = "5" 
[2022-02-23 18:42:21] SELECT * FROM users WHERE id = "33" 
[2022-02-23 18:42:21] SELECT * FROM cities WHERE id = "4" 
[2022-02-23 18:42:21] SELECT * FROM users WHERE id = "38" 
[2022-02-23 18:42:21] SELECT * FROM cities WHERE id = "5" 
[2022-02-23 18:42:21] SELECT * FROM users WHERE id = "19" 
[2022-02-23 18:42:21] SELECT * FROM cities WHERE id = "1" 
[2022-02-23 18:42:21] SELECT * FROM users WHERE id = "36" 
[2022-02-23 18:42:21] SELECT * FROM cities WHERE id = "2" 
[2022-02-23 18:42:21] SELECT * FROM users WHERE id = "30" 
[2022-02-23 18:42:21] SELECT * FROM cities WHERE id = "5" 
[2022-02-23 18:42:21] SELECT * FROM users WHERE id = "21" 
[2022-02-23 18:42:21] SELECT * FROM cities WHERE id = "1" 
[2022-02-23 18:42:34] SELECT * FROM users WHERE id = "38" 
[2022-02-23 18:42:34] SELECT * FROM cities WHERE id = "5" 
[2022-02-23 18:42:34] SELECT * FROM users WHERE id = "22" 
[2022-02-23 18:42:34] SELECT * FROM cities WHERE id = "3" 
[2022-02-23 18:42:34] SELECT * FROM users WHERE id = "17" 
[2022-02-23 18:42:34] SELECT * FROM cities WHERE id = "1" 
[2022-02-23 18:42:34] SELECT * FROM users WHERE id = "13" 
[2022-02-23 18:42:34] SELECT * FROM cities WHERE id = "1" 
[2022-02-23 18:42:34] SELECT * FROM users WHERE id = "16" 
[2022-02-23 18:42:34] SELECT * FROM cities WHERE id = "1" 
[2022-02-23 18:42:34] SELECT * FROM users WHERE id = "20" 
[2022-02-23 18:42:34] SELECT * FROM cities WHERE id = "1" 
[2022-02-23 18:42:34] SELECT * FROM users WHERE id = "31" 
[2022-02-23 18:42:34] SELECT * FROM cities WHERE id = "5" 
[2022-02-23 18:42:34] SELECT * FROM users WHERE id = "32" 
[2022-02-23 18:42:34] SELECT * FROM cities WHERE id = "5" 
[2022-02-23 18:42:34] SELECT * FROM users WHERE id = "33" 
[2022-02-23 18:42:34] SELECT * FROM cities WHERE id = "4" 
[2022-02-23 18:42:34] SELECT * FROM users WHERE id = "38" 
[2022-02-23 18:42:34] SELECT * FROM cities WHERE id = "5" 
[2022-02-23 18:42:34] SELECT * FROM users WHERE id = "19" 
[2022-02-23 18:42:34] SELECT * FROM cities WHERE id = "1" 
[2022-02-23 18:42:34] SELECT * FROM users WHERE id = "36" 
[2022-02-23 18:42:34] SELECT * FROM cities WHERE id = "2" 
[2022-02-23 18:42:34] SELECT * FROM users WHERE id = "30" 
[2022-02-23 18:42:34] SELECT * FROM cities WHERE id = "5" 
[2022-02-23 18:42:34] SELECT * FROM users WHERE id = "21" 
[2022-02-23 18:42:34] SELECT * FROM cities WHERE id = "1" 
[2022-02-23 18:42:34] UPDATE users SET name = 'lady', lastname = 'gaga', email = 'a@abcd', password = '00cedcf91beffa9ee69f6cfe23a4602d', phone = '+3708787878', city_id = '3', active = '1', incorrect_tries = '0', role_id = '0' WHERE id = "22" 
[2022-02-23 18:42:34] UPDATE users SET name = 'test', lastname = 'tset', email = 'b@a', password = 'f5bb0c8de146c67b44babbf4e6584cc0', phone = '+37061111111', city_id = '1', active = '1', incorrect_tries = '0', role_id = '0' WHERE id = "17" 
[2022-02-23 18:42:34] UPDATE users SET name = 'cep', lastname = 'pov', email = 'b@b', password = 'f0883acc7efce873a327c6891a80cdf3', phone = '+37067654321', city_id = '1', active = '1', incorrect_tries = '0', role_id = '0' WHERE id = "13" 
[2022-02-23 18:42:34] UPDATE users SET name = 'cepawqaw', lastname = 'pova', email = 'b@bba', password = 'f0883acc7efce873a327c6891a80cdf3', phone = '+37067654321', city_id = '1', active = '1', incorrect_tries = '0', role_id = '0' WHERE id = "16" 
[2022-02-23 18:42:34] UPDATE users SET name = 'bbb', lastname = 'aaa', email = 'ba@ba', password = '64aad0716af03ac5aaad580b29357a16', phone = '+3705555555', city_id = '1', active = '1', incorrect_tries = '0', role_id = '0' WHERE id = "20" 
[2022-02-23 18:42:34] UPDATE users SET name = 'fdasfdsf', lastname = 'fsdfsf', email = 'dasd@asdas', password = '00cedcf91beffa9ee69f6cfe23a4602d', phone = '+3700000002', city_id = '5', active = '1', incorrect_tries = '0', role_id = '0' WHERE id = "31" 
[2022-02-23 18:42:34] UPDATE users SET name = 'Pov', lastname = 'cep', email = 'ghggh@a', password = '25f9e794323b453885f5181f1b624d0b', phone = '+3700000003', city_id = '5', active = '1', incorrect_tries = '0', role_id = '0' WHERE id = "32" 
[2022-02-23 18:42:34] UPDATE users SET name = 'inactive', lastname = 'test', email = 'inactive@test', password = 'f5bb0c8de146c67b44babbf4e6584cc0', phone = '+3708798769', city_id = '4', active = '1', incorrect_tries = '0', role_id = '0' WHERE id = "33" 
[2022-02-23 18:42:34] UPDATE users SET name = 'Mantas', lastname = 'Kryževičius', email = 'mantas.ins@gmail.com', password = '0192023a7bbd73250516f069df18b500', phone = '860665617', city_id = '5', active = '1', incorrect_tries = '0', role_id = '1' WHERE id = "38" 
[2022-02-23 18:42:34] UPDATE users SET name = 'abc', lastname = 'cba', email = 'name@email.com', password = 'a4814f454c31ab1f970ea1d2a2beea4e', phone = '+3709999999', city_id = '1', active = '1', incorrect_tries = '0', role_id = '0' WHERE id = "19" 
[2022-02-23 18:42:34] UPDATE users SET name = 'povvvvv', lastname = 'cepppp', email = 'nauj@n', password = 'f5bb0c8de146c67b44babbf4e6584cc0', phone = '+3700000456', city_id = '2', active = '1', incorrect_tries = '0', role_id = '0' WHERE id = "36" 
[2022-02-23 18:42:34] UPDATE users SET name = 'test', lastname = 'test', email = 'test@test', password = 'f5bb0c8de146c67b44babbf4e6584cc0', phone = '+3700000001', city_id = '5', active = '1', incorrect_tries = '0', role_id = '0' WHERE id = "30" 
[2022-02-23 18:42:34] UPDATE users SET name = 'baab', lastname = 'saf', email = 'y@y', password = '00cedcf91beffa9ee69f6cfe23a4602d', phone = '+3708888888', city_id = '1', active = '1', incorrect_tries = '0', role_id = '0' WHERE id = "21" 
[2022-02-23 18:42:34] SELECT * FROM users WHERE id = "38" 
[2022-02-23 18:42:34] SELECT * FROM cities WHERE id = "5" 
[2022-02-23 18:42:34] SELECT id FROM users 
[2022-02-23 18:42:34] SELECT * FROM users WHERE id = "22" 
[2022-02-23 18:42:34] SELECT * FROM cities WHERE id = "3" 
[2022-02-23 18:42:34] SELECT * FROM users WHERE id = "17" 
[2022-02-23 18:42:34] SELECT * FROM cities WHERE id = "1" 
[2022-02-23 18:42:34] SELECT * FROM users WHERE id = "13" 
[2022-02-23 18:42:34] SELECT * FROM cities WHERE id = "1" 
[2022-02-23 18:42:34] SELECT * FROM users WHERE id = "16" 
[2022-02-23 18:42:34] SELECT * FROM cities WHERE id = "1" 
[2022-02-23 18:42:34] SELECT * FROM users WHERE id = "20" 
[2022-02-23 18:42:34] SELECT * FROM cities WHERE id = "1" 
[2022-02-23 18:42:34] SELECT * FROM users WHERE id = "31" 
[2022-02-23 18:42:34] SELECT * FROM cities WHERE id = "5" 
[2022-02-23 18:42:34] SELECT * FROM users WHERE id = "32" 
[2022-02-23 18:42:34] SELECT * FROM cities WHERE id = "5" 
[2022-02-23 18:42:34] SELECT * FROM users WHERE id = "33" 
[2022-02-23 18:42:34] SELECT * FROM cities WHERE id = "4" 
[2022-02-23 18:42:34] SELECT * FROM users WHERE id = "38" 
[2022-02-23 18:42:34] SELECT * FROM cities WHERE id = "5" 
[2022-02-23 18:42:34] SELECT * FROM users WHERE id = "19" 
[2022-02-23 18:42:34] SELECT * FROM cities WHERE id = "1" 
[2022-02-23 18:42:34] SELECT * FROM users WHERE id = "36" 
[2022-02-23 18:42:34] SELECT * FROM cities WHERE id = "2" 
[2022-02-23 18:42:34] SELECT * FROM users WHERE id = "30" 
[2022-02-23 18:42:34] SELECT * FROM cities WHERE id = "5" 
[2022-02-23 18:42:34] SELECT * FROM users WHERE id = "21" 
[2022-02-23 18:42:34] SELECT * FROM cities WHERE id = "1" 
[2022-02-23 18:42:35] SELECT * FROM users WHERE id = "38" 
[2022-02-23 18:42:35] SELECT * FROM cities WHERE id = "5" 
[2022-02-23 18:42:35] SELECT id FROM ads  ORDER BY id DESC 
[2022-02-23 18:42:35] SELECT * FROM ads WHERE id = "34" 
[2022-02-23 18:42:35] SELECT * FROM ads WHERE id = "33" 
[2022-02-23 18:42:35] SELECT * FROM ads WHERE id = "32" 
[2022-02-23 18:42:35] SELECT * FROM ads WHERE id = "31" 
[2022-02-23 18:42:35] SELECT * FROM ads WHERE id = "30" 
[2022-02-23 18:42:35] SELECT * FROM ads WHERE id = "27" 
[2022-02-23 18:42:35] SELECT * FROM ads WHERE id = "26" 
[2022-02-23 18:42:35] SELECT * FROM ads WHERE id = "25" 
[2022-02-23 18:42:35] SELECT * FROM ads WHERE id = "9" 
[2022-02-23 18:42:35] SELECT * FROM ads WHERE id = "8" 
[2022-02-23 18:42:35] SELECT * FROM ads WHERE id = "7" 
[2022-02-23 18:42:35] SELECT * FROM ads WHERE id = "6" 
[2022-02-23 18:42:35] SELECT id FROM ads WHERE id = "38" 
[2022-02-23 18:42:35] SELECT * FROM users WHERE id = "" 
[2022-02-23 18:42:35] SELECT * FROM cities WHERE id = "" 
[2022-02-23 18:42:35] SELECT id FROM ads WHERE id = "38" 
[2022-02-23 18:42:35] SELECT * FROM users WHERE id = "" 
[2022-02-23 18:42:35] SELECT * FROM cities WHERE id = "" 
[2022-02-23 18:42:35] SELECT id FROM ads WHERE id = "30" 
[2022-02-23 18:42:35] SELECT * FROM users WHERE id = "30" 
[2022-02-23 18:42:35] SELECT * FROM cities WHERE id = "5" 
[2022-02-23 18:42:35] SELECT id FROM ads WHERE id = "30" 
[2022-02-23 18:42:35] SELECT * FROM users WHERE id = "30" 
[2022-02-23 18:42:35] SELECT * FROM cities WHERE id = "5" 
[2022-02-23 18:42:35] SELECT id FROM ads WHERE id = "30" 
[2022-02-23 18:42:35] SELECT * FROM users WHERE id = "30" 
[2022-02-23 18:42:35] SELECT * FROM cities WHERE id = "5" 
[2022-02-23 18:42:35] SELECT id FROM ads WHERE id = "30" 
[2022-02-23 18:42:35] SELECT * FROM users WHERE id = "30" 
[2022-02-23 18:42:35] SELECT * FROM cities WHERE id = "5" 
[2022-02-23 18:42:35] SELECT id FROM ads WHERE id = "30" 
[2022-02-23 18:42:35] SELECT * FROM users WHERE id = "30" 
[2022-02-23 18:42:35] SELECT * FROM cities WHERE id = "5" 
[2022-02-23 18:42:35] SELECT id FROM ads WHERE id = "30" 
[2022-02-23 18:42:35] SELECT * FROM users WHERE id = "30" 
[2022-02-23 18:42:35] SELECT * FROM cities WHERE id = "5" 
[2022-02-23 18:42:35] SELECT id FROM ads WHERE id = "22" 
[2022-02-23 18:42:35] SELECT * FROM users WHERE id = "" 
[2022-02-23 18:42:35] SELECT * FROM cities WHERE id = "" 
[2022-02-23 18:42:35] SELECT id FROM ads WHERE id = "30" 
[2022-02-23 18:42:35] SELECT * FROM users WHERE id = "30" 
[2022-02-23 18:42:35] SELECT * FROM cities WHERE id = "5" 
[2022-02-23 18:42:35] SELECT id FROM ads WHERE id = "30" 
[2022-02-23 18:42:35] SELECT * FROM users WHERE id = "30" 
[2022-02-23 18:42:35] SELECT * FROM cities WHERE id = "5" 
[2022-02-23 18:42:35] SELECT id FROM ads WHERE id = "30" 
[2022-02-23 18:42:35] SELECT * FROM users WHERE id = "30" 
[2022-02-23 18:42:35] SELECT * FROM cities WHERE id = "5" 
[2022-02-23 18:43:29] SELECT * FROM users WHERE id = "38" 
[2022-02-23 18:43:29] SELECT * FROM cities WHERE id = "5" 
[2022-02-23 18:43:29] SELECT id FROM ads  ORDER BY id DESC 
[2022-02-23 18:43:29] SELECT * FROM ads WHERE id = "34" 
[2022-02-23 18:43:29] SELECT * FROM ads WHERE id = "33" 
[2022-02-23 18:43:29] SELECT * FROM ads WHERE id = "32" 
[2022-02-23 18:43:29] SELECT * FROM ads WHERE id = "31" 
[2022-02-23 18:43:29] SELECT * FROM ads WHERE id = "30" 
[2022-02-23 18:43:29] SELECT * FROM ads WHERE id = "27" 
[2022-02-23 18:43:29] SELECT * FROM ads WHERE id = "26" 
[2022-02-23 18:43:29] SELECT * FROM ads WHERE id = "25" 
[2022-02-23 18:43:29] SELECT * FROM ads WHERE id = "9" 
[2022-02-23 18:43:29] SELECT * FROM ads WHERE id = "8" 
[2022-02-23 18:43:29] SELECT * FROM ads WHERE id = "7" 
[2022-02-23 18:43:29] SELECT * FROM ads WHERE id = "6" 
[2022-02-23 18:43:29] SELECT id FROM users WHERE id = "38" 
[2022-02-23 18:43:29] SELECT * FROM users WHERE id = "38" 
[2022-02-23 18:43:29] SELECT * FROM cities WHERE id = "5" 
[2022-02-23 18:43:29] SELECT id FROM users WHERE id = "38" 
[2022-02-23 18:43:29] SELECT * FROM users WHERE id = "38" 
[2022-02-23 18:43:29] SELECT * FROM cities WHERE id = "5" 
[2022-02-23 18:43:29] SELECT id FROM users WHERE id = "30" 
[2022-02-23 18:43:29] SELECT * FROM users WHERE id = "30" 
[2022-02-23 18:43:29] SELECT * FROM cities WHERE id = "5" 
[2022-02-23 18:43:29] SELECT id FROM users WHERE id = "30" 
[2022-02-23 18:43:29] SELECT * FROM users WHERE id = "30" 
[2022-02-23 18:43:29] SELECT * FROM cities WHERE id = "5" 
[2022-02-23 18:43:29] SELECT id FROM users WHERE id = "30" 
[2022-02-23 18:43:29] SELECT * FROM users WHERE id = "30" 
[2022-02-23 18:43:29] SELECT * FROM cities WHERE id = "5" 
[2022-02-23 18:43:29] SELECT id FROM users WHERE id = "30" 
[2022-02-23 18:43:29] SELECT * FROM users WHERE id = "30" 
[2022-02-23 18:43:29] SELECT * FROM cities WHERE id = "5" 
[2022-02-23 18:43:29] SELECT id FROM users WHERE id = "30" 
[2022-02-23 18:43:29] SELECT * FROM users WHERE id = "30" 
[2022-02-23 18:43:29] SELECT * FROM cities WHERE id = "5" 
[2022-02-23 18:43:29] SELECT id FROM users WHERE id = "30" 
[2022-02-23 18:43:29] SELECT * FROM users WHERE id = "30" 
[2022-02-23 18:43:29] SELECT * FROM cities WHERE id = "5" 
[2022-02-23 18:43:29] SELECT id FROM users WHERE id = "22" 
[2022-02-23 18:43:29] SELECT * FROM users WHERE id = "22" 
[2022-02-23 18:43:29] SELECT * FROM cities WHERE id = "3" 
[2022-02-23 18:43:29] SELECT id FROM users WHERE id = "30" 
[2022-02-23 18:43:29] SELECT * FROM users WHERE id = "30" 
[2022-02-23 18:43:29] SELECT * FROM cities WHERE id = "5" 
[2022-02-23 18:43:29] SELECT id FROM users WHERE id = "30" 
[2022-02-23 18:43:29] SELECT * FROM users WHERE id = "30" 
[2022-02-23 18:43:29] SELECT * FROM cities WHERE id = "5" 
[2022-02-23 18:43:29] SELECT id FROM users WHERE id = "30" 
[2022-02-23 18:43:29] SELECT * FROM users WHERE id = "30" 
[2022-02-23 18:43:29] SELECT * FROM cities WHERE id = "5" 
[2022-02-23 18:43:49] SELECT * FROM users WHERE id = "38" 
[2022-02-23 18:43:49] SELECT * FROM cities WHERE id = "5" 
[2022-02-23 18:43:49] SELECT id FROM users 
[2022-02-23 18:43:49] SELECT * FROM users WHERE id = "22" 
[2022-02-23 18:43:49] SELECT * FROM cities WHERE id = "3" 
[2022-02-23 18:43:49] SELECT * FROM users WHERE id = "17" 
[2022-02-23 18:43:49] SELECT * FROM cities WHERE id = "1" 
[2022-02-23 18:43:49] SELECT * FROM users WHERE id = "13" 
[2022-02-23 18:43:49] SELECT * FROM cities WHERE id = "1" 
[2022-02-23 18:43:49] SELECT * FROM users WHERE id = "16" 
[2022-02-23 18:43:49] SELECT * FROM cities WHERE id = "1" 
[2022-02-23 18:43:49] SELECT * FROM users WHERE id = "20" 
[2022-02-23 18:43:49] SELECT * FROM cities WHERE id = "1" 
[2022-02-23 18:43:49] SELECT * FROM users WHERE id = "31" 
[2022-02-23 18:43:49] SELECT * FROM cities WHERE id = "5" 
[2022-02-23 18:43:49] SELECT * FROM users WHERE id = "32" 
[2022-02-23 18:43:49] SELECT * FROM cities WHERE id = "5" 
[2022-02-23 18:43:49] SELECT * FROM users WHERE id = "33" 
[2022-02-23 18:43:49] SELECT * FROM cities WHERE id = "4" 
[2022-02-23 18:43:49] SELECT * FROM users WHERE id = "38" 
[2022-02-23 18:43:49] SELECT * FROM cities WHERE id = "5" 
[2022-02-23 18:43:49] SELECT * FROM users WHERE id = "19" 
[2022-02-23 18:43:49] SELECT * FROM cities WHERE id = "1" 
[2022-02-23 18:43:49] SELECT * FROM users WHERE id = "36" 
[2022-02-23 18:43:49] SELECT * FROM cities WHERE id = "2" 
[2022-02-23 18:43:49] SELECT * FROM users WHERE id = "30" 
[2022-02-23 18:43:49] SELECT * FROM cities WHERE id = "5" 
[2022-02-23 18:43:49] SELECT * FROM users WHERE id = "21" 
[2022-02-23 18:43:49] SELECT * FROM cities WHERE id = "1" 
[2022-02-23 18:45:03] SELECT * FROM users WHERE id = "38" 
[2022-02-23 18:45:03] SELECT * FROM cities WHERE id = "5" 
[2022-02-23 18:45:03] SELECT id FROM users 
[2022-02-23 18:45:03] SELECT * FROM users WHERE id = "22" 
[2022-02-23 18:45:03] SELECT * FROM cities WHERE id = "3" 
[2022-02-23 18:45:03] SELECT * FROM users WHERE id = "17" 
[2022-02-23 18:45:03] SELECT * FROM cities WHERE id = "1" 
[2022-02-23 18:45:03] SELECT * FROM users WHERE id = "13" 
[2022-02-23 18:45:03] SELECT * FROM cities WHERE id = "1" 
[2022-02-23 18:45:03] SELECT * FROM users WHERE id = "16" 
[2022-02-23 18:45:03] SELECT * FROM cities WHERE id = "1" 
[2022-02-23 18:45:03] SELECT * FROM users WHERE id = "20" 
[2022-02-23 18:45:03] SELECT * FROM cities WHERE id = "1" 
[2022-02-23 18:45:03] SELECT * FROM users WHERE id = "31" 
[2022-02-23 18:45:03] SELECT * FROM cities WHERE id = "5" 
[2022-02-23 18:45:03] SELECT * FROM users WHERE id = "32" 
[2022-02-23 18:45:03] SELECT * FROM cities WHERE id = "5" 
[2022-02-23 18:45:03] SELECT * FROM users WHERE id = "33" 
[2022-02-23 18:45:03] SELECT * FROM cities WHERE id = "4" 
[2022-02-23 18:45:03] SELECT * FROM users WHERE id = "38" 
[2022-02-23 18:45:03] SELECT * FROM cities WHERE id = "5" 
[2022-02-23 18:45:03] SELECT * FROM users WHERE id = "19" 
[2022-02-23 18:45:03] SELECT * FROM cities WHERE id = "1" 
[2022-02-23 18:45:03] SELECT * FROM users WHERE id = "36" 
[2022-02-23 18:45:03] SELECT * FROM cities WHERE id = "2" 
[2022-02-23 18:45:03] SELECT * FROM users WHERE id = "30" 
[2022-02-23 18:45:03] SELECT * FROM cities WHERE id = "5" 
[2022-02-23 18:45:03] SELECT * FROM users WHERE id = "21" 
[2022-02-23 18:45:03] SELECT * FROM cities WHERE id = "1" 
[2022-02-23 18:45:04] SELECT * FROM users WHERE id = "38" 
[2022-02-23 18:45:04] SELECT * FROM cities WHERE id = "5" 
[2022-02-23 18:45:04] SELECT id FROM ads  ORDER BY id DESC 
[2022-02-23 18:45:04] SELECT * FROM ads WHERE id = "34" 
[2022-02-23 18:45:04] SELECT * FROM ads WHERE id = "33" 
[2022-02-23 18:45:04] SELECT * FROM ads WHERE id = "32" 
[2022-02-23 18:45:04] SELECT * FROM ads WHERE id = "31" 
[2022-02-23 18:45:04] SELECT * FROM ads WHERE id = "30" 
[2022-02-23 18:45:04] SELECT * FROM ads WHERE id = "27" 
[2022-02-23 18:45:04] SELECT * FROM ads WHERE id = "26" 
[2022-02-23 18:45:04] SELECT * FROM ads WHERE id = "25" 
[2022-02-23 18:45:04] SELECT * FROM ads WHERE id = "9" 
[2022-02-23 18:45:04] SELECT * FROM ads WHERE id = "8" 
[2022-02-23 18:45:04] SELECT * FROM ads WHERE id = "7" 
[2022-02-23 18:45:04] SELECT * FROM ads WHERE id = "6" 
[2022-02-23 18:45:04] SELECT id FROM users WHERE id = "38" 
[2022-02-23 18:45:04] SELECT * FROM users WHERE id = "38" 
[2022-02-23 18:45:04] SELECT * FROM cities WHERE id = "5" 
[2022-02-23 18:45:04] SELECT id FROM users WHERE id = "38" 
[2022-02-23 18:45:04] SELECT * FROM users WHERE id = "38" 
[2022-02-23 18:45:04] SELECT * FROM cities WHERE id = "5" 
[2022-02-23 18:45:04] SELECT id FROM users WHERE id = "30" 
[2022-02-23 18:45:04] SELECT * FROM users WHERE id = "30" 
[2022-02-23 18:45:04] SELECT * FROM cities WHERE id = "5" 
[2022-02-23 18:45:04] SELECT id FROM users WHERE id = "30" 
[2022-02-23 18:45:04] SELECT * FROM users WHERE id = "30" 
[2022-02-23 18:45:04] SELECT * FROM cities WHERE id = "5" 
[2022-02-23 18:45:04] SELECT id FROM users WHERE id = "30" 
[2022-02-23 18:45:04] SELECT * FROM users WHERE id = "30" 
[2022-02-23 18:45:04] SELECT * FROM cities WHERE id = "5" 
[2022-02-23 18:45:04] SELECT id FROM users WHERE id = "30" 
[2022-02-23 18:45:04] SELECT * FROM users WHERE id = "30" 
[2022-02-23 18:45:04] SELECT * FROM cities WHERE id = "5" 
[2022-02-23 18:45:04] SELECT id FROM users WHERE id = "30" 
[2022-02-23 18:45:04] SELECT * FROM users WHERE id = "30" 
[2022-02-23 18:45:04] SELECT * FROM cities WHERE id = "5" 
[2022-02-23 18:45:04] SELECT id FROM users WHERE id = "30" 
[2022-02-23 18:45:04] SELECT * FROM users WHERE id = "30" 
[2022-02-23 18:45:04] SELECT * FROM cities WHERE id = "5" 
[2022-02-23 18:45:04] SELECT id FROM users WHERE id = "22" 
[2022-02-23 18:45:04] SELECT * FROM users WHERE id = "22" 
[2022-02-23 18:45:04] SELECT * FROM cities WHERE id = "3" 
[2022-02-23 18:45:04] SELECT id FROM users WHERE id = "30" 
[2022-02-23 18:45:04] SELECT * FROM users WHERE id = "30" 
[2022-02-23 18:45:04] SELECT * FROM cities WHERE id = "5" 
[2022-02-23 18:45:04] SELECT id FROM users WHERE id = "30" 
[2022-02-23 18:45:04] SELECT * FROM users WHERE id = "30" 
[2022-02-23 18:45:04] SELECT * FROM cities WHERE id = "5" 
[2022-02-23 18:45:04] SELECT id FROM users WHERE id = "30" 
[2022-02-23 18:45:04] SELECT * FROM users WHERE id = "30" 
[2022-02-23 18:45:04] SELECT * FROM cities WHERE id = "5" 
[2022-02-23 18:45:05] SELECT * FROM users WHERE id = "38" 
[2022-02-23 18:45:05] SELECT * FROM cities WHERE id = "5" 
[2022-02-23 18:45:05] SELECT id FROM users 
[2022-02-23 18:45:05] SELECT * FROM users WHERE id = "22" 
[2022-02-23 18:45:05] SELECT * FROM cities WHERE id = "3" 
[2022-02-23 18:45:05] SELECT * FROM users WHERE id = "17" 
[2022-02-23 18:45:05] SELECT * FROM cities WHERE id = "1" 
[2022-02-23 18:45:05] SELECT * FROM users WHERE id = "13" 
[2022-02-23 18:45:05] SELECT * FROM cities WHERE id = "1" 
[2022-02-23 18:45:05] SELECT * FROM users WHERE id = "16" 
[2022-02-23 18:45:05] SELECT * FROM cities WHERE id = "1" 
[2022-02-23 18:45:05] SELECT * FROM users WHERE id = "20" 
[2022-02-23 18:45:05] SELECT * FROM cities WHERE id = "1" 
[2022-02-23 18:45:05] SELECT * FROM users WHERE id = "31" 
[2022-02-23 18:45:05] SELECT * FROM cities WHERE id = "5" 
[2022-02-23 18:45:05] SELECT * FROM users WHERE id = "32" 
[2022-02-23 18:45:05] SELECT * FROM cities WHERE id = "5" 
[2022-02-23 18:45:05] SELECT * FROM users WHERE id = "33" 
[2022-02-23 18:45:05] SELECT * FROM cities WHERE id = "4" 
[2022-02-23 18:45:05] SELECT * FROM users WHERE id = "38" 
[2022-02-23 18:45:05] SELECT * FROM cities WHERE id = "5" 
[2022-02-23 18:45:05] SELECT * FROM users WHERE id = "19" 
[2022-02-23 18:45:05] SELECT * FROM cities WHERE id = "1" 
[2022-02-23 18:45:05] SELECT * FROM users WHERE id = "36" 
[2022-02-23 18:45:05] SELECT * FROM cities WHERE id = "2" 
[2022-02-23 18:45:05] SELECT * FROM users WHERE id = "30" 
[2022-02-23 18:45:05] SELECT * FROM cities WHERE id = "5" 
[2022-02-23 18:45:05] SELECT * FROM users WHERE id = "21" 
[2022-02-23 18:45:05] SELECT * FROM cities WHERE id = "1" 
[2022-02-23 18:45:06] SELECT * FROM users WHERE id = "38" 
[2022-02-23 18:45:06] SELECT * FROM cities WHERE id = "5" 
[2022-02-23 18:45:06] SELECT id FROM ads  ORDER BY id DESC 
[2022-02-23 18:45:06] SELECT * FROM ads WHERE id = "34" 
[2022-02-23 18:45:06] SELECT * FROM ads WHERE id = "33" 
[2022-02-23 18:45:06] SELECT * FROM ads WHERE id = "32" 
[2022-02-23 18:45:06] SELECT * FROM ads WHERE id = "31" 
[2022-02-23 18:45:06] SELECT * FROM ads WHERE id = "30" 
[2022-02-23 18:45:06] SELECT * FROM ads WHERE id = "27" 
[2022-02-23 18:45:06] SELECT * FROM ads WHERE id = "26" 
[2022-02-23 18:45:06] SELECT * FROM ads WHERE id = "25" 
[2022-02-23 18:45:06] SELECT * FROM ads WHERE id = "9" 
[2022-02-23 18:45:06] SELECT * FROM ads WHERE id = "8" 
[2022-02-23 18:45:06] SELECT * FROM ads WHERE id = "7" 
[2022-02-23 18:45:06] SELECT * FROM ads WHERE id = "6" 
[2022-02-23 18:45:06] SELECT id FROM users WHERE id = "38" 
[2022-02-23 18:45:06] SELECT * FROM users WHERE id = "38" 
[2022-02-23 18:45:06] SELECT * FROM cities WHERE id = "5" 
[2022-02-23 18:45:06] SELECT id FROM users WHERE id = "38" 
[2022-02-23 18:45:06] SELECT * FROM users WHERE id = "38" 
[2022-02-23 18:45:06] SELECT * FROM cities WHERE id = "5" 
[2022-02-23 18:45:06] SELECT id FROM users WHERE id = "30" 
[2022-02-23 18:45:06] SELECT * FROM users WHERE id = "30" 
[2022-02-23 18:45:06] SELECT * FROM cities WHERE id = "5" 
[2022-02-23 18:45:06] SELECT id FROM users WHERE id = "30" 
[2022-02-23 18:45:06] SELECT * FROM users WHERE id = "30" 
[2022-02-23 18:45:06] SELECT * FROM cities WHERE id = "5" 
[2022-02-23 18:45:06] SELECT id FROM users WHERE id = "30" 
[2022-02-23 18:45:06] SELECT * FROM users WHERE id = "30" 
[2022-02-23 18:45:06] SELECT * FROM cities WHERE id = "5" 
[2022-02-23 18:45:06] SELECT id FROM users WHERE id = "30" 
[2022-02-23 18:45:06] SELECT * FROM users WHERE id = "30" 
[2022-02-23 18:45:06] SELECT * FROM cities WHERE id = "5" 
[2022-02-23 18:45:06] SELECT id FROM users WHERE id = "30" 
[2022-02-23 18:45:06] SELECT * FROM users WHERE id = "30" 
[2022-02-23 18:45:06] SELECT * FROM cities WHERE id = "5" 
[2022-02-23 18:45:06] SELECT id FROM users WHERE id = "30" 
[2022-02-23 18:45:06] SELECT * FROM users WHERE id = "30" 
[2022-02-23 18:45:06] SELECT * FROM cities WHERE id = "5" 
[2022-02-23 18:45:06] SELECT id FROM users WHERE id = "22" 
[2022-02-23 18:45:06] SELECT * FROM users WHERE id = "22" 
[2022-02-23 18:45:06] SELECT * FROM cities WHERE id = "3" 
[2022-02-23 18:45:06] SELECT id FROM users WHERE id = "30" 
[2022-02-23 18:45:06] SELECT * FROM users WHERE id = "30" 
[2022-02-23 18:45:06] SELECT * FROM cities WHERE id = "5" 
[2022-02-23 18:45:06] SELECT id FROM users WHERE id = "30" 
[2022-02-23 18:45:06] SELECT * FROM users WHERE id = "30" 
[2022-02-23 18:45:06] SELECT * FROM cities WHERE id = "5" 
[2022-02-23 18:45:06] SELECT id FROM users WHERE id = "30" 
[2022-02-23 18:45:06] SELECT * FROM users WHERE id = "30" 
[2022-02-23 18:45:06] SELECT * FROM cities WHERE id = "5" 
[2022-02-23 18:45:07] SELECT * FROM users WHERE id = "38" 
[2022-02-23 18:45:07] SELECT * FROM cities WHERE id = "5" 
[2022-02-23 18:45:07] SELECT id FROM users 
[2022-02-23 18:45:07] SELECT * FROM users WHERE id = "22" 
[2022-02-23 18:45:07] SELECT * FROM cities WHERE id = "3" 
[2022-02-23 18:45:07] SELECT * FROM users WHERE id = "17" 
[2022-02-23 18:45:07] SELECT * FROM cities WHERE id = "1" 
[2022-02-23 18:45:07] SELECT * FROM users WHERE id = "13" 
[2022-02-23 18:45:07] SELECT * FROM cities WHERE id = "1" 
[2022-02-23 18:45:07] SELECT * FROM users WHERE id = "16" 
[2022-02-23 18:45:07] SELECT * FROM cities WHERE id = "1" 
[2022-02-23 18:45:07] SELECT * FROM users WHERE id = "20" 
[2022-02-23 18:45:07] SELECT * FROM cities WHERE id = "1" 
[2022-02-23 18:45:07] SELECT * FROM users WHERE id = "31" 
[2022-02-23 18:45:07] SELECT * FROM cities WHERE id = "5" 
[2022-02-23 18:45:07] SELECT * FROM users WHERE id = "32" 
[2022-02-23 18:45:07] SELECT * FROM cities WHERE id = "5" 
[2022-02-23 18:45:07] SELECT * FROM users WHERE id = "33" 
[2022-02-23 18:45:07] SELECT * FROM cities WHERE id = "4" 
[2022-02-23 18:45:07] SELECT * FROM users WHERE id = "38" 
[2022-02-23 18:45:07] SELECT * FROM cities WHERE id = "5" 
[2022-02-23 18:45:07] SELECT * FROM users WHERE id = "19" 
[2022-02-23 18:45:07] SELECT * FROM cities WHERE id = "1" 
[2022-02-23 18:45:07] SELECT * FROM users WHERE id = "36" 
[2022-02-23 18:45:07] SELECT * FROM cities WHERE id = "2" 
[2022-02-23 18:45:07] SELECT * FROM users WHERE id = "30" 
[2022-02-23 18:45:07] SELECT * FROM cities WHERE id = "5" 
[2022-02-23 18:45:07] SELECT * FROM users WHERE id = "21" 
[2022-02-23 18:45:07] SELECT * FROM cities WHERE id = "1" 
[2022-02-23 18:45:07] SELECT * FROM users WHERE id = "38" 
[2022-02-23 18:45:07] SELECT * FROM cities WHERE id = "5" 
[2022-02-23 18:45:07] SELECT id FROM ads  ORDER BY id DESC 
[2022-02-23 18:45:07] SELECT * FROM ads WHERE id = "34" 
[2022-02-23 18:45:07] SELECT * FROM ads WHERE id = "33" 
[2022-02-23 18:45:07] SELECT * FROM ads WHERE id = "32" 
[2022-02-23 18:45:07] SELECT * FROM ads WHERE id = "31" 
[2022-02-23 18:45:07] SELECT * FROM ads WHERE id = "30" 
[2022-02-23 18:45:07] SELECT * FROM ads WHERE id = "27" 
[2022-02-23 18:45:07] SELECT * FROM ads WHERE id = "26" 
[2022-02-23 18:45:07] SELECT * FROM ads WHERE id = "25" 
[2022-02-23 18:45:07] SELECT * FROM ads WHERE id = "9" 
[2022-02-23 18:45:07] SELECT * FROM ads WHERE id = "8" 
[2022-02-23 18:45:07] SELECT * FROM ads WHERE id = "7" 
[2022-02-23 18:45:07] SELECT * FROM ads WHERE id = "6" 
[2022-02-23 18:45:07] SELECT id FROM users WHERE id = "38" 
[2022-02-23 18:45:07] SELECT * FROM users WHERE id = "38" 
[2022-02-23 18:45:07] SELECT * FROM cities WHERE id = "5" 
[2022-02-23 18:45:07] SELECT id FROM users WHERE id = "38" 
[2022-02-23 18:45:07] SELECT * FROM users WHERE id = "38" 
[2022-02-23 18:45:07] SELECT * FROM cities WHERE id = "5" 
[2022-02-23 18:45:07] SELECT id FROM users WHERE id = "30" 
[2022-02-23 18:45:07] SELECT * FROM users WHERE id = "30" 
[2022-02-23 18:45:08] SELECT * FROM cities WHERE id = "5" 
[2022-02-23 18:45:08] SELECT id FROM users WHERE id = "30" 
[2022-02-23 18:45:08] SELECT * FROM users WHERE id = "30" 
[2022-02-23 18:45:08] SELECT * FROM cities WHERE id = "5" 
[2022-02-23 18:45:08] SELECT id FROM users WHERE id = "30" 
[2022-02-23 18:45:08] SELECT * FROM users WHERE id = "30" 
[2022-02-23 18:45:08] SELECT * FROM cities WHERE id = "5" 
[2022-02-23 18:45:08] SELECT id FROM users WHERE id = "30" 
[2022-02-23 18:45:08] SELECT * FROM users WHERE id = "30" 
[2022-02-23 18:45:08] SELECT * FROM cities WHERE id = "5" 
[2022-02-23 18:45:08] SELECT id FROM users WHERE id = "30" 
[2022-02-23 18:45:08] SELECT * FROM users WHERE id = "30" 
[2022-02-23 18:45:08] SELECT * FROM cities WHERE id = "5" 
[2022-02-23 18:45:08] SELECT id FROM users WHERE id = "30" 
[2022-02-23 18:45:08] SELECT * FROM users WHERE id = "30" 
[2022-02-23 18:45:08] SELECT * FROM cities WHERE id = "5" 
[2022-02-23 18:45:08] SELECT id FROM users WHERE id = "22" 
[2022-02-23 18:45:08] SELECT * FROM users WHERE id = "22" 
[2022-02-23 18:45:08] SELECT * FROM cities WHERE id = "3" 
[2022-02-23 18:45:08] SELECT id FROM users WHERE id = "30" 
[2022-02-23 18:45:08] SELECT * FROM users WHERE id = "30" 
[2022-02-23 18:45:08] SELECT * FROM cities WHERE id = "5" 
[2022-02-23 18:45:08] SELECT id FROM users WHERE id = "30" 
[2022-02-23 18:45:08] SELECT * FROM users WHERE id = "30" 
[2022-02-23 18:45:08] SELECT * FROM cities WHERE id = "5" 
[2022-02-23 18:45:08] SELECT id FROM users WHERE id = "30" 
[2022-02-23 18:45:08] SELECT * FROM users WHERE id = "30" 
[2022-02-23 18:45:08] SELECT * FROM cities WHERE id = "5" 
[2022-02-23 18:45:09] SELECT * FROM users WHERE id = "38" 
[2022-02-23 18:45:09] SELECT * FROM cities WHERE id = "5" 
[2022-02-23 18:45:09] SELECT id FROM users 
[2022-02-23 18:45:09] SELECT * FROM users WHERE id = "22" 
[2022-02-23 18:45:09] SELECT * FROM cities WHERE id = "3" 
[2022-02-23 18:45:09] SELECT * FROM users WHERE id = "17" 
[2022-02-23 18:45:09] SELECT * FROM cities WHERE id = "1" 
[2022-02-23 18:45:09] SELECT * FROM users WHERE id = "13" 
[2022-02-23 18:45:09] SELECT * FROM cities WHERE id = "1" 
[2022-02-23 18:45:09] SELECT * FROM users WHERE id = "16" 
[2022-02-23 18:45:09] SELECT * FROM cities WHERE id = "1" 
[2022-02-23 18:45:09] SELECT * FROM users WHERE id = "20" 
[2022-02-23 18:45:09] SELECT * FROM cities WHERE id = "1" 
[2022-02-23 18:45:09] SELECT * FROM users WHERE id = "31" 
[2022-02-23 18:45:09] SELECT * FROM cities WHERE id = "5" 
[2022-02-23 18:45:09] SELECT * FROM users WHERE id = "32" 
[2022-02-23 18:45:09] SELECT * FROM cities WHERE id = "5" 
[2022-02-23 18:45:09] SELECT * FROM users WHERE id = "33" 
[2022-02-23 18:45:09] SELECT * FROM cities WHERE id = "4" 
[2022-02-23 18:45:09] SELECT * FROM users WHERE id = "38" 
[2022-02-23 18:45:09] SELECT * FROM cities WHERE id = "5" 
[2022-02-23 18:45:09] SELECT * FROM users WHERE id = "19" 
[2022-02-23 18:45:09] SELECT * FROM cities WHERE id = "1" 
[2022-02-23 18:45:09] SELECT * FROM users WHERE id = "36" 
[2022-02-23 18:45:09] SELECT * FROM cities WHERE id = "2" 
[2022-02-23 18:45:09] SELECT * FROM users WHERE id = "30" 
[2022-02-23 18:45:09] SELECT * FROM cities WHERE id = "5" 
[2022-02-23 18:45:09] SELECT * FROM users WHERE id = "21" 
[2022-02-23 18:45:09] SELECT * FROM cities WHERE id = "1" 
[2022-02-23 18:45:30] SELECT * FROM users WHERE id = "38" 
[2022-02-23 18:45:30] SELECT * FROM cities WHERE id = "5" 
[2022-02-23 18:45:30] SELECT id FROM users 
[2022-02-23 18:45:30] SELECT * FROM users WHERE id = "22" 
[2022-02-23 18:45:30] SELECT * FROM cities WHERE id = "3" 
[2022-02-23 18:45:30] SELECT * FROM users WHERE id = "17" 
[2022-02-23 18:45:30] SELECT * FROM cities WHERE id = "1" 
[2022-02-23 18:45:30] SELECT * FROM users WHERE id = "13" 
[2022-02-23 18:45:30] SELECT * FROM cities WHERE id = "1" 
[2022-02-23 18:45:30] SELECT * FROM users WHERE id = "16" 
[2022-02-23 18:45:30] SELECT * FROM cities WHERE id = "1" 
[2022-02-23 18:45:30] SELECT * FROM users WHERE id = "20" 
[2022-02-23 18:45:30] SELECT * FROM cities WHERE id = "1" 
[2022-02-23 18:45:30] SELECT * FROM users WHERE id = "31" 
[2022-02-23 18:45:30] SELECT * FROM cities WHERE id = "5" 
[2022-02-23 18:45:30] SELECT * FROM users WHERE id = "32" 
[2022-02-23 18:45:30] SELECT * FROM cities WHERE id = "5" 
[2022-02-23 18:45:30] SELECT * FROM users WHERE id = "33" 
[2022-02-23 18:45:30] SELECT * FROM cities WHERE id = "4" 
[2022-02-23 18:45:30] SELECT * FROM users WHERE id = "38" 
[2022-02-23 18:45:30] SELECT * FROM cities WHERE id = "5" 
[2022-02-23 18:45:30] SELECT * FROM users WHERE id = "19" 
[2022-02-23 18:45:30] SELECT * FROM cities WHERE id = "1" 
[2022-02-23 18:45:30] SELECT * FROM users WHERE id = "36" 
[2022-02-23 18:45:30] SELECT * FROM cities WHERE id = "2" 
[2022-02-23 18:45:30] SELECT * FROM users WHERE id = "30" 
[2022-02-23 18:45:30] SELECT * FROM cities WHERE id = "5" 
[2022-02-23 18:45:30] SELECT * FROM users WHERE id = "21" 
[2022-02-23 18:45:30] SELECT * FROM cities WHERE id = "1" 
[2022-02-23 18:45:31] SELECT * FROM users WHERE id = "38" 
[2022-02-23 18:45:31] SELECT * FROM cities WHERE id = "5" 
[2022-02-23 18:45:31] SELECT id FROM ads  ORDER BY id DESC 
[2022-02-23 18:45:31] SELECT * FROM ads WHERE id = "34" 
[2022-02-23 18:45:31] SELECT * FROM ads WHERE id = "33" 
[2022-02-23 18:45:31] SELECT * FROM ads WHERE id = "32" 
[2022-02-23 18:45:31] SELECT * FROM ads WHERE id = "31" 
[2022-02-23 18:45:31] SELECT * FROM ads WHERE id = "30" 
[2022-02-23 18:45:31] SELECT * FROM ads WHERE id = "27" 
[2022-02-23 18:45:31] SELECT * FROM ads WHERE id = "26" 
[2022-02-23 18:45:31] SELECT * FROM ads WHERE id = "25" 
[2022-02-23 18:45:31] SELECT * FROM ads WHERE id = "9" 
[2022-02-23 18:45:31] SELECT * FROM ads WHERE id = "8" 
[2022-02-23 18:45:31] SELECT * FROM ads WHERE id = "7" 
[2022-02-23 18:45:31] SELECT * FROM ads WHERE id = "6" 
[2022-02-23 18:45:31] SELECT id FROM users WHERE id = "38" 
[2022-02-23 18:45:31] SELECT * FROM users WHERE id = "38" 
[2022-02-23 18:45:31] SELECT * FROM cities WHERE id = "5" 
[2022-02-23 18:45:31] SELECT id FROM users WHERE id = "38" 
[2022-02-23 18:45:31] SELECT * FROM users WHERE id = "38" 
[2022-02-23 18:45:31] SELECT * FROM cities WHERE id = "5" 
[2022-02-23 18:45:31] SELECT id FROM users WHERE id = "30" 
[2022-02-23 18:45:31] SELECT * FROM users WHERE id = "30" 
[2022-02-23 18:45:31] SELECT * FROM cities WHERE id = "5" 
[2022-02-23 18:45:31] SELECT id FROM users WHERE id = "30" 
[2022-02-23 18:45:31] SELECT * FROM users WHERE id = "30" 
[2022-02-23 18:45:31] SELECT * FROM cities WHERE id = "5" 
[2022-02-23 18:45:31] SELECT id FROM users WHERE id = "30" 
[2022-02-23 18:45:31] SELECT * FROM users WHERE id = "30" 
[2022-02-23 18:45:31] SELECT * FROM cities WHERE id = "5" 
[2022-02-23 18:45:31] SELECT id FROM users WHERE id = "30" 
[2022-02-23 18:45:31] SELECT * FROM users WHERE id = "30" 
[2022-02-23 18:45:31] SELECT * FROM cities WHERE id = "5" 
[2022-02-23 18:45:31] SELECT id FROM users WHERE id = "30" 
[2022-02-23 18:45:31] SELECT * FROM users WHERE id = "30" 
[2022-02-23 18:45:31] SELECT * FROM cities WHERE id = "5" 
[2022-02-23 18:45:31] SELECT id FROM users WHERE id = "30" 
[2022-02-23 18:45:31] SELECT * FROM users WHERE id = "30" 
[2022-02-23 18:45:31] SELECT * FROM cities WHERE id = "5" 
[2022-02-23 18:45:31] SELECT id FROM users WHERE id = "22" 
[2022-02-23 18:45:31] SELECT * FROM users WHERE id = "22" 
[2022-02-23 18:45:31] SELECT * FROM cities WHERE id = "3" 
[2022-02-23 18:45:31] SELECT id FROM users WHERE id = "30" 
[2022-02-23 18:45:31] SELECT * FROM users WHERE id = "30" 
[2022-02-23 18:45:31] SELECT * FROM cities WHERE id = "5" 
[2022-02-23 18:45:31] SELECT id FROM users WHERE id = "30" 
[2022-02-23 18:45:31] SELECT * FROM users WHERE id = "30" 
[2022-02-23 18:45:31] SELECT * FROM cities WHERE id = "5" 
[2022-02-23 18:45:31] SELECT id FROM users WHERE id = "30" 
[2022-02-23 18:45:31] SELECT * FROM users WHERE id = "30" 
[2022-02-23 18:45:31] SELECT * FROM cities WHERE id = "5" 
